\BOOKMARK [0][-]{chapter*.1}{Abstract}{}% 1
\BOOKMARK [0][-]{chapter*.5}{Abbreviations}{}% 2
\BOOKMARK [0][-]{chapter.1}{Introduction}{}% 3
\BOOKMARK [0][-]{chapter.2}{Machine Learning}{}% 4
\BOOKMARK [1][-]{section.2.1}{Definition}{chapter.2}% 5
\BOOKMARK [1][-]{section.2.2}{Learning types}{chapter.2}% 6
\BOOKMARK [1][-]{section.2.3}{Data in ML}{chapter.2}% 7
\BOOKMARK [1][-]{section.2.4}{Performance measures}{chapter.2}% 8
\BOOKMARK [1][-]{section.2.5}{Neural networks}{chapter.2}% 9
\BOOKMARK [1][-]{section.2.6}{Trends in ML research}{chapter.2}% 10
\BOOKMARK [0][-]{chapter.3}{Safety and assurance}{}% 11
\BOOKMARK [1][-]{section.3.1}{Definitions}{chapter.3}% 12
\BOOKMARK [1][-]{section.3.2}{Safety Assurance Case}{chapter.3}% 13
\BOOKMARK [1][-]{section.3.3}{Goal Structuring Notation}{chapter.3}% 14
\BOOKMARK [1][-]{section.3.4}{An example of a GSN}{chapter.3}% 15
\BOOKMARK [1][-]{section.3.5}{Trends in safety research}{chapter.3}% 16
\BOOKMARK [0][-]{chapter.4}{Literature Review}{}% 17
\BOOKMARK [1][-]{section.4.1}{Machine Learning lifecycle}{chapter.4}% 18
\BOOKMARK [1][-]{section.4.2}{Open challenges in ML assurance}{chapter.4}% 19
\BOOKMARK [0][-]{chapter.5}{Conclusion}{}% 20
